TN:
SF:src/config/LayoutConfig.ts
FNF:0
FNH:0
DA:6,2
LF:1
LH:1
BRF:0
BRH:0
end_of_record
TN:
SF:src/config/SceneKeys.ts
FNF:0
FNH:0
DA:4,2
LF:1
LH:1
BRF:0
BRH:0
end_of_record
TN:
SF:src/game/main.ts
FN:25,(anonymous_0)
FNF:1
FNH:0
FNDA:0,(anonymous_0)
DA:1,0
DA:2,0
DA:3,0
DA:4,0
DA:5,0
DA:6,0
DA:10,0
DA:25,0
DA:27,0
DA:31,0
LF:10
LH:0
BRF:0
BRH:0
end_of_record
TN:
SF:src/managers/AssetManager.ts
FN:12,(anonymous_1)
FN:19,(anonymous_2)
FN:20,(anonymous_3)
FN:28,(anonymous_4)
FN:35,(anonymous_5)
FN:42,(anonymous_6)
FN:44,(anonymous_7)
FN:51,(anonymous_8)
FN:53,(anonymous_9)
FN:61,(anonymous_10)
FN:78,(anonymous_11)
FN:90,(anonymous_12)
FN:97,(anonymous_13)
FN:105,(anonymous_14)
FNF:14
FNH:14
FNDA:16,(anonymous_1)
FNDA:16,(anonymous_2)
FNDA:160,(anonymous_3)
FNDA:7,(anonymous_4)
FNDA:1,(anonymous_5)
FNDA:1,(anonymous_6)
FNDA:10,(anonymous_7)
FNDA:2,(anonymous_8)
FNDA:20,(anonymous_9)
FNDA:3,(anonymous_10)
FNDA:2,(anonymous_11)
FNDA:5,(anonymous_12)
FNDA:3,(anonymous_13)
FNDA:2,(anonymous_14)
DA:1,1
DA:8,1
DA:9,16
DA:10,16
DA:13,16
DA:20,16
DA:21,160
DA:29,7
DA:36,1
DA:43,1
DA:44,10
DA:52,2
DA:53,20
DA:54,2
DA:62,3
DA:63,3
DA:66,2
DA:67,1
DA:72,1
DA:79,2
DA:80,2
DA:81,1
DA:91,5
DA:98,3
DA:103,1
DA:105,1
DA:106,2
DA:107,1
DA:109,2
LF:29
LH:29
BRDA:63,0,0,1
BRDA:66,1,0,1
BRDA:80,2,0,1
BRDA:106,3,0,1
BRF:4
BRH:4
end_of_record
TN:
SF:src/managers/NavigationManager.ts
FN:10,(anonymous_0)
FN:18,(anonymous_1)
FN:26,(anonymous_2)
FN:33,(anonymous_3)
FN:40,(anonymous_4)
FN:47,(anonymous_5)
FN:54,(anonymous_6)
FN:70,(anonymous_7)
FN:77,(anonymous_8)
FN:89,(anonymous_9)
FN:96,(anonymous_10)
FN:103,(anonymous_11)
FN:119,(anonymous_12)
FN:138,(anonymous_13)
FN:151,(anonymous_14)
FN:161,(anonymous_15)
FNF:16
FNH:16
FNDA:26,(anonymous_0)
FNDA:17,(anonymous_1)
FNDA:8,(anonymous_2)
FNDA:1,(anonymous_3)
FNDA:5,(anonymous_4)
FNDA:6,(anonymous_5)
FNDA:10,(anonymous_6)
FNDA:5,(anonymous_7)
FNDA:4,(anonymous_8)
FNDA:1,(anonymous_9)
FNDA:1,(anonymous_10)
FNDA:6,(anonymous_11)
FNDA:4,(anonymous_12)
FNDA:4,(anonymous_13)
FNDA:4,(anonymous_14)
FNDA:22,(anonymous_15)
DA:2,1
DA:3,1
DA:10,1
DA:11,26
DA:12,26
DA:13,26
DA:19,17
DA:20,17
DA:27,8
DA:34,1
DA:41,5
DA:48,6
DA:55,10
DA:56,1
DA:59,9
DA:60,1
DA:63,8
DA:64,2
DA:67,6
DA:70,6
DA:72,5
DA:73,5
DA:75,5
DA:77,4
DA:78,4
DA:81,1
DA:90,1
DA:97,1
DA:104,6
DA:105,6
DA:107,6
DA:120,4
DA:121,4
DA:124,4
DA:126,4
DA:139,4
DA:140,4
DA:141,4
DA:146,1
DA:151,1
DA:152,4
DA:153,3
DA:155,4
DA:161,1
DA:162,22
DA:163,3
DA:165,22
LF:47
LH:47
BRDA:55,0,0,1
BRDA:59,1,0,1
BRDA:63,2,0,2
BRDA:73,3,0,5
BRDA:73,3,1,1
BRDA:75,4,0,4
BRDA:75,4,1,1
BRDA:152,5,0,3
BRDA:162,6,0,3
BRF:9
BRH:9
end_of_record
TN:
SF:src/state/GameStateManager.ts
FN:16,(anonymous_0)
FN:28,(anonymous_1)
FN:56,(anonymous_2)
FN:67,(anonymous_3)
FN:87,(anonymous_4)
FN:98,(anonymous_5)
FN:110,(anonymous_6)
FN:127,(anonymous_7)
FN:137,(anonymous_8)
FN:151,(anonymous_9)
FN:164,(anonymous_10)
FN:180,(anonymous_11)
FN:189,(anonymous_12)
FN:208,(anonymous_13)
FN:214,(anonymous_14)
FN:244,(anonymous_15)
FN:251,(anonymous_16)
FN:252,(anonymous_17)
FNF:18
FNH:18
FNDA:43,(anonymous_0)
FNDA:43,(anonymous_1)
FNDA:43,(anonymous_2)
FNDA:43,(anonymous_3)
FNDA:43,(anonymous_4)
FNDA:18,(anonymous_5)
FNDA:32,(anonymous_6)
FNDA:3,(anonymous_7)
FNDA:2,(anonymous_8)
FNDA:11,(anonymous_9)
FNDA:11,(anonymous_10)
FNDA:5,(anonymous_11)
FNDA:4,(anonymous_12)
FNDA:2,(anonymous_13)
FNDA:2,(anonymous_14)
FNDA:3,(anonymous_15)
FNDA:1,(anonymous_16)
FNDA:1,(anonymous_17)
DA:16,2
DA:17,43
DA:28,2
DA:29,43
DA:47,43
DA:56,2
DA:57,43
DA:67,2
DA:68,43
DA:87,2
DA:88,43
DA:98,2
DA:104,18
DA:105,1
DA:109,17
DA:110,32
DA:112,17
DA:113,1
DA:117,16
DA:120,16
DA:121,16
DA:127,2
DA:128,3
DA:129,1
DA:132,2
DA:133,2
DA:136,2
DA:137,2
DA:139,2
DA:140,2
DA:142,0
DA:145,2
DA:151,2
DA:159,11
DA:160,0
DA:164,11
DA:165,11
DA:168,10
DA:169,0
DA:171,10
DA:174,10
DA:175,0
DA:177,10
DA:180,10
DA:181,10
DA:182,1
DA:186,9
DA:189,9
DA:190,9
DA:191,4
DA:193,5
DA:197,9
DA:198,9
DA:199,2
DA:202,9
DA:208,2
DA:214,2
DA:215,2
DA:217,2
DA:218,0
DA:220,2
DA:222,2
DA:223,0
DA:225,2
DA:227,2
DA:228,1
DA:232,1
DA:233,1
DA:234,1
DA:235,1
DA:238,1
DA:244,2
DA:245,3
DA:251,2
DA:252,1
DA:253,1
DA:255,0
DA:256,0
LF:78
LH:70
BRDA:101,0,0,7
BRDA:104,1,0,1
BRDA:112,2,0,1
BRDA:112,3,0,17
BRDA:112,3,1,17
BRDA:128,4,0,1
BRDA:128,5,0,3
BRDA:128,5,1,3
BRDA:139,6,0,2
BRDA:139,6,1,0
BRDA:159,7,0,0
BRDA:159,8,0,11
BRDA:159,8,1,11
BRDA:165,9,0,1
BRDA:168,10,0,0
BRDA:168,11,0,10
BRDA:168,11,1,10
BRDA:174,12,0,0
BRDA:174,13,0,10
BRDA:174,13,1,10
BRDA:181,14,0,1
BRDA:190,15,0,4
BRDA:190,15,1,5
BRDA:198,16,0,2
BRDA:215,17,0,0
BRDA:217,18,0,0
BRDA:217,19,0,2
BRDA:217,19,1,2
BRDA:222,20,0,0
BRDA:222,21,0,2
BRDA:222,21,1,2
BRDA:227,22,0,1
BRDA:234,23,0,1
BRDA:252,24,0,1
BRF:34
BRH:27
end_of_record
